c:\users\gutty333\documents\visual studio 2013\projects\fun practice 3\fun practice 3\debug\vc120.pdb
c:\users\gutty333\documents\visual studio 2013\projects\fun practice 3\fun practice 3\debug\vc120.idb
c:\users\gutty333\documents\visual studio 2013\projects\fun practice 3\fun practice 3\debug\code1.obj
c:\users\gutty333\documents\visual studio 2013\projects\fun practice 3\fun practice 3\debug\code2.obj
c:\users\gutty333\documents\visual studio 2013\projects\fun practice 3\fun practice 3\debug\code3.obj
c:\users\gutty333\documents\visual studio 2013\projects\fun practice 3\fun practice 3\debug\code4.obj
c:\users\gutty333\documents\visual studio 2013\projects\fun practice 3\fun practice 3\debug\code5.obj
c:\users\gutty333\documents\visual studio 2013\projects\fun practice 3\fun practice 3\debug\code6.obj
c:\users\gutty333\documents\visual studio 2013\projects\fun practice 3\fun practice 3\debug\yo.obj
c:\users\gutty333\documents\visual studio 2013\projects\fun practice 3\fun practice 3\debug\4_gasstation.obj
c:\users\gutty333\documents\visual studio 2013\projects\fun practice 3\fun practice 3\debug\5_reversepolishnotation.obj
c:\users\gutty333\documents\visual studio 2013\projects\fun practice 3\fun practice 3\debug\2_calculator.obj
c:\users\gutty333\documents\visual studio 2013\projects\fun practice 3\fun practice 3\debug\7_lcs.obj
c:\users\gutty333\documents\visual studio 2013\projects\fun practice 3\fun practice 3\debug\8_parallelsums.obj
c:\users\gutty333\documents\visual studio 2013\projects\fun practice 3\fun practice 3\debug\test.obj
c:\users\gutty333\documents\visual studio 2013\projects\fun practice 3\fun practice 3\debug\shortestpath.obj
c:\users\gutty333\documents\visual studio 2013\projects\fun practice 3\fun practice 3\debug\10_citytraffic.obj
c:\users\gutty333\documents\visual studio 2013\projects\fun practice 3\fun practice 3\debug\menu.obj
c:\users\gutty333\documents\visual studio 2013\projects\fun practice 3\fun practice 3\debug\main.obj
c:\users\gutty333\documents\visual studio 2013\projects\fun practice 3\fun practice 3\debug\test2.obj
c:\users\gutty333\documents\visual studio 2013\projects\fun practice 3\fun practice 3\debug\11_weightedpath.obj
c:\users\gutty333\documents\visual studio 2013\projects\fun practice 3\debug\fun practice 3.ilk
c:\users\gutty333\documents\visual studio 2013\projects\fun practice 3\debug\fun practice 3.exe
c:\users\gutty333\documents\visual studio 2013\projects\fun practice 3\debug\fun practice 3.pdb
c:\users\carlo\documents\github\fun-practice-3\debug\vc120.idb
c:\users\carlo\documents\github\fun-practice-3\debug\fun practice 3.tlog\cl.command.1.tlog
c:\users\carlo\documents\github\fun-practice-3\debug\fun practice 3.tlog\cl.read.1.tlog
c:\users\carlo\documents\github\fun-practice-3\debug\fun practice 3.tlog\cl.write.1.tlog
c:\users\carlo\documents\github\fun-practice-3\debug\fun practice 3.tlog\link.command.1.tlog
c:\users\carlo\documents\github\fun-practice-3\debug\fun practice 3.tlog\link.read.1.tlog
c:\users\carlo\documents\github\fun-practice-3\debug\fun practice 3.tlog\link.write.1.tlog
